2023-01-15 18:24:03.1797|14|INFO|Microsoft.Hosting.Lifetime|Now listening on: https://localhost:5001 
2023-01-15 18:24:03.3518|14|INFO|Microsoft.Hosting.Lifetime|Now listening on: http://localhost:5000 
2023-01-15 18:24:03.3691|0|INFO|Microsoft.Hosting.Lifetime|Application started. Press Ctrl+C to shut down. 
2023-01-15 18:24:03.3762|0|INFO|Microsoft.Hosting.Lifetime|Hosting environment: Development 
2023-01-15 18:24:03.3784|0|INFO|Microsoft.Hosting.Lifetime|Content root path: /home/macko14/RiderProjects/webapp-52/RPPP-WebApp/RPPP-WebApp/ 
2023-01-15 18:25:27.1712|0|INFO|Microsoft.Hosting.Lifetime|Application is shutting down... 
2023-01-15 18:25:39.5443|14|INFO|Microsoft.Hosting.Lifetime|Now listening on: https://localhost:5001 
2023-01-15 18:25:39.6129|14|INFO|Microsoft.Hosting.Lifetime|Now listening on: http://localhost:5000 
2023-01-15 18:25:39.6223|0|INFO|Microsoft.Hosting.Lifetime|Application started. Press Ctrl+C to shut down. 
2023-01-15 18:25:39.6265|0|INFO|Microsoft.Hosting.Lifetime|Hosting environment: Development 
2023-01-15 18:25:39.6265|0|INFO|Microsoft.Hosting.Lifetime|Content root path: /home/macko14/RiderProjects/webapp-52/RPPP-WebApp/RPPP-WebApp/ 
2023-01-15 18:26:37.5250|0|INFO|Microsoft.Hosting.Lifetime|Application is shutting down... 
2023-01-15 18:26:48.9808|14|INFO|Microsoft.Hosting.Lifetime|Now listening on: https://localhost:5001 
2023-01-15 18:26:49.1044|14|INFO|Microsoft.Hosting.Lifetime|Now listening on: http://localhost:5000 
2023-01-15 18:26:49.1252|0|INFO|Microsoft.Hosting.Lifetime|Application started. Press Ctrl+C to shut down. 
2023-01-15 18:26:49.1318|0|INFO|Microsoft.Hosting.Lifetime|Hosting environment: Development 
2023-01-15 18:26:49.1337|0|INFO|Microsoft.Hosting.Lifetime|Content root path: /home/macko14/RiderProjects/webapp-52/RPPP-WebApp/RPPP-WebApp/ 
2023-01-15 18:27:05.6803|10102|WARN|Microsoft.EntityFrameworkCore.Query|The query uses a row limiting operator ('Skip'/'Take') without an 'OrderBy' operator. This may lead to unpredictable results. If the 'Distinct' operator is used after 'OrderBy', then make sure to use the 'OrderBy' operator after 'Distinct' as the ordering would otherwise get erased. 
2023-01-15 18:27:05.6821|10102|WARN|Microsoft.EntityFrameworkCore.Query|The query uses a row limiting operator ('Skip'/'Take') without an 'OrderBy' operator. This may lead to unpredictable results. If the 'Distinct' operator is used after 'OrderBy', then make sure to use the 'OrderBy' operator after 'Distinct' as the ordering would otherwise get erased. 
2023-01-15 18:29:12.2698|10102|WARN|Microsoft.EntityFrameworkCore.Query|The query uses a row limiting operator ('Skip'/'Take') without an 'OrderBy' operator. This may lead to unpredictable results. If the 'Distinct' operator is used after 'OrderBy', then make sure to use the 'OrderBy' operator after 'Distinct' as the ordering would otherwise get erased. 
2023-01-15 18:29:12.2698|10102|WARN|Microsoft.EntityFrameworkCore.Query|The query uses a row limiting operator ('Skip'/'Take') without an 'OrderBy' operator. This may lead to unpredictable results. If the 'Distinct' operator is used after 'OrderBy', then make sure to use the 'OrderBy' operator after 'Distinct' as the ordering would otherwise get erased. 
2023-01-15 18:31:18.6035|0|INFO|Microsoft.Hosting.Lifetime|Application is shutting down... 
2023-01-15 18:53:50.2169|14|INFO|Microsoft.Hosting.Lifetime|Now listening on: https://localhost:5001 
2023-01-15 18:53:50.3007|14|INFO|Microsoft.Hosting.Lifetime|Now listening on: http://localhost:5000 
2023-01-15 18:53:50.3076|0|INFO|Microsoft.Hosting.Lifetime|Application started. Press Ctrl+C to shut down. 
2023-01-15 18:53:50.3171|0|INFO|Microsoft.Hosting.Lifetime|Hosting environment: Development 
2023-01-15 18:53:50.3188|0|INFO|Microsoft.Hosting.Lifetime|Content root path: /home/macko14/RiderProjects/webapp-52/RPPP-WebApp/RPPP-WebApp/ 
2023-01-15 18:53:59.1270|10102|WARN|Microsoft.EntityFrameworkCore.Query|The query uses a row limiting operator ('Skip'/'Take') without an 'OrderBy' operator. This may lead to unpredictable results. If the 'Distinct' operator is used after 'OrderBy', then make sure to use the 'OrderBy' operator after 'Distinct' as the ordering would otherwise get erased. 
2023-01-15 18:53:59.1270|10102|WARN|Microsoft.EntityFrameworkCore.Query|The query uses a row limiting operator ('Skip'/'Take') without an 'OrderBy' operator. This may lead to unpredictable results. If the 'Distinct' operator is used after 'OrderBy', then make sure to use the 'OrderBy' operator after 'Distinct' as the ordering would otherwise get erased. 
2023-01-15 18:55:30.2006|0|INFO|Microsoft.Hosting.Lifetime|Application is shutting down... 
